Build started 6/13/2015 12:04:23 AM.
     1>Project "C:\Users\Bryce\Documents\GitHub\RadTech-Engine\GameFiles\PolitcalPunchOut\PolitcalPunchOut.vcxproj" on node 2 (Rebuild target(s)).
     1>ClCompile:
         C:\Program Files (x86)\Microsoft Visual Studio 12.0\VC\bin\x86_amd64\CL.exe /c /I"C:\SFML-2.3\include" /Zi /nologo /W3 /WX- /sdl /Od /D WIN32 /D _DEBUG /D _CONSOLE /D _LIB /D _UNICODE /D UNICODE /Gm /EHsc /RTC1 /MDd /GS /fp:precise /Zc:wchar_t /Zc:forScope /Yc"stdafx.h" /Fp"x64\Debug\PolitcalPunchOut.pch" /Fo"x64\Debug\\" /Fd"x64\Debug\vc120.pdb" /Gd /TP /errorReport:prompt stdafx.cpp
         stdafx.cpp
         C:\Program Files (x86)\Microsoft Visual Studio 12.0\VC\bin\x86_amd64\CL.exe /c /I"C:\SFML-2.3\include" /Zi /nologo /W3 /WX- /sdl /Od /D WIN32 /D _DEBUG /D _CONSOLE /D _LIB /D _UNICODE /D UNICODE /Gm /EHsc /RTC1 /MDd /GS /fp:precise /Zc:wchar_t /Zc:forScope /Yu"stdafx.h" /Fp"x64\Debug\PolitcalPunchOut.pch" /Fo"x64\Debug\\" /Fd"x64\Debug\vc120.pdb" /Gd /TP /errorReport:prompt game.cpp network.cpp player.cpp PolitcalPunchOut.cpp projectile.cpp textures.cpp
         textures.cpp
         projectile.cpp
         PolitcalPunchOut.cpp
         player.cpp
         network.cpp
         game.cpp
         Generating Code...
       Link:
         C:\Program Files (x86)\Microsoft Visual Studio 12.0\VC\bin\x86_amd64\link.exe /ERRORREPORT:PROMPT /OUT:"C:\Users\Bryce\Documents\GitHub\RadTech-Engine\GameFiles\x64\Debug\PolitcalPunchOut.exe" /INCREMENTAL /NOLOGO /LIBPATH:"C:\SFML-2.3\lib" "sfml-graphics-d.lib" "sfml-window-d.lib" "sfml-system-d.lib" "sfml-audio-d.lib" kernel32.lib user32.lib gdi32.lib winspool.lib comdlg32.lib advapi32.lib shell32.lib ole32.lib oleaut32.lib uuid.lib odbc32.lib odbccp32.lib kernel32.lib user32.lib gdi32.lib winspool.lib comdlg32.lib advapi32.lib shell32.lib ole32.lib oleaut32.lib uuid.lib odbc32.lib odbccp32.lib /MANIFEST /MANIFESTUAC:"level='asInvoker' uiAccess='false'" /manifest:embed /DEBUG /PDB:"C:\Users\Bryce\Documents\GitHub\RadTech-Engine\GameFiles\x64\Debug\PolitcalPunchOut.pdb" /SUBSYSTEM:CONSOLE /TLBID:1 /DYNAMICBASE /NXCOMPAT /IMPLIB:"C:\Users\Bryce\Documents\GitHub\RadTech-Engine\GameFiles\x64\Debug\PolitcalPunchOut.lib" /MACHINE:X64 x64\Debug\game.obj
         x64\Debug\network.obj
         x64\Debug\player.obj
         x64\Debug\PolitcalPunchOut.obj
         x64\Debug\projectile.obj
         x64\Debug\stdafx.obj
         x64\Debug\textures.obj
         PolitcalPunchOut.vcxproj -> C:\Users\Bryce\Documents\GitHub\RadTech-Engine\GameFiles\x64\Debug\PolitcalPunchOut.exe
     1>Done Building Project "C:\Users\Bryce\Documents\GitHub\RadTech-Engine\GameFiles\PolitcalPunchOut\PolitcalPunchOut.vcxproj" (Rebuild target(s)).

Build succeeded.

Time Elapsed 00:00:05.53
